Arguments: 
  /home/parrot/.nvm/versions/node/v18.16.1/bin/node /home/parrot/.nvm/versions/node/v18.16.1/bin/yarn add socket.io-client

PATH: 
  /home/parrot/.dotfiles/bin:/home/parrot/.local/bin:/home/parrot/.nvm/versions/node/v18.16.1/bin:/usr/local/bin:/usr/bin:/bin:/usr/local/games:/usr/games:/usr/share/games:/usr/local/sbin:/usr/sbin:/sbin:/home/parrot/.local/bin:/snap/bin:/usr/local/bin:/usr/bin:/bin:/usr/local/games:/usr/games

Yarn version: 
  1.22.19

Node version: 
  18.16.1

Platform: 
  linux x64

Trace: 
  Error: EACCES: permission denied, mkdir '/home/parrot/Documents/ft_transcendance/frontend-app/node_modules/@babel/helper-compilation-targets/node_modules/lru-cache'

npm manifest: 
  {
    "name": "react_spa",
    "version": "0.1.0",
    "private": true,
    "dependencies": {
      "@testing-library/jest-dom": "^5.16.5",
      "@testing-library/react": "^13.4.0",
      "@testing-library/user-event": "^13.5.0",
      "react": "^18.2.0",
      "react-dom": "^18.2.0",
      "react-router-dom": "^6.14.0",
      "react-scripts": "5.0.1",
      "web-vitals": "^2.1.4"
    },
    "scripts": {
      "start": "react-scripts start",
      "build": "react-scripts build",
      "test": "react-scripts test",
      "eject": "react-scripts eject"
    },
    "eslintConfig": {
      "extends": [
        "react-app",
        "react-app/jest"
      ]
    },
    "browserslist": {
      "production": [
        ">0.2%",
        "not dead",
        "not op_mini all"
      ],
      "development": [
        "last 1 chrome version",
        "last 1 firefox version",
        "last 1 safari version"
      ]
    }
  }

yarn manifest: 
  No manifest

Lockfile: 
  No lockfile
